2019-08-08 20:22:26.125  INFO 4456 --- [restartedMain] com.itheima.SpringBootDay01Application   : Starting SpringBootDay01Application on heiye with PID 4456 (D:\ideaProject\spring_boot_day01\target\classes started by dell5580 in D:\ideaProject\spring_boot_day01)
2019-08-08 20:22:26.130  INFO 4456 --- [restartedMain] com.itheima.SpringBootDay01Application   : No active profile set, falling back to default profiles: default
2019-08-08 20:22:26.209  INFO 4456 --- [restartedMain] .e.DevToolsPropertyDefaultsPostProcessor : Devtools property defaults active! Set 'spring.devtools.add-properties' to 'false' to disable
2019-08-08 20:22:26.210  INFO 4456 --- [restartedMain] .e.DevToolsPropertyDefaultsPostProcessor : For additional web related logging consider setting the 'logging.level.web' property to 'DEBUG'
2019-08-08 20:22:27.269  INFO 4456 --- [restartedMain] .s.d.r.c.RepositoryConfigurationDelegate : Multiple Spring Data modules found, entering strict repository configuration mode!
2019-08-08 20:22:27.270  INFO 4456 --- [restartedMain] .s.d.r.c.RepositoryConfigurationDelegate : Bootstrapping Spring Data repositories in DEFAULT mode.
2019-08-08 20:22:27.339  INFO 4456 --- [restartedMain] .s.d.r.c.RepositoryConfigurationDelegate : Finished Spring Data repository scanning in 61ms. Found 1 repository interfaces.
2019-08-08 20:22:27.358  INFO 4456 --- [restartedMain] .s.d.r.c.RepositoryConfigurationDelegate : Multiple Spring Data modules found, entering strict repository configuration mode!
2019-08-08 20:22:27.359  INFO 4456 --- [restartedMain] .s.d.r.c.RepositoryConfigurationDelegate : Bootstrapping Spring Data repositories in DEFAULT mode.
2019-08-08 20:22:27.374  INFO 4456 --- [restartedMain] .RepositoryConfigurationExtensionSupport : Spring Data Redis - Could not safely identify store assignment for repository candidate interface com.itheima.dao.UserRepository.
2019-08-08 20:22:27.374  INFO 4456 --- [restartedMain] .s.d.r.c.RepositoryConfigurationDelegate : Finished Spring Data repository scanning in 5ms. Found 0 repository interfaces.
2019-08-08 20:22:27.897  INFO 4456 --- [restartedMain] trationDelegate$BeanPostProcessorChecker : Bean 'org.springframework.transaction.annotation.ProxyTransactionManagementConfiguration' of type [org.springframework.transaction.annotation.ProxyTransactionManagementConfiguration$$EnhancerBySpringCGLIB$$424bdf41] is not eligible for getting processed by all BeanPostProcessors (for example: not eligible for auto-proxying)
2019-08-08 20:22:28.401  INFO 4456 --- [restartedMain] o.s.b.w.embedded.tomcat.TomcatWebServer  : Tomcat initialized with port(s): 8080 (http)
2019-08-08 20:22:28.429  INFO 4456 --- [restartedMain] o.apache.catalina.core.StandardService   : Starting service [Tomcat]
2019-08-08 20:22:28.429  INFO 4456 --- [restartedMain] org.apache.catalina.core.StandardEngine  : Starting Servlet engine: [Apache Tomcat/9.0.22]
2019-08-08 20:22:28.560  INFO 4456 --- [restartedMain] o.a.c.c.C.[Tomcat].[localhost].[/]       : Initializing Spring embedded WebApplicationContext
2019-08-08 20:22:28.561  INFO 4456 --- [restartedMain] o.s.web.context.ContextLoader            : Root WebApplicationContext: initialization completed in 2350 ms
2019-08-08 20:22:28.740  INFO 4456 --- [restartedMain] c.a.d.s.b.a.DruidDataSourceAutoConfigure : Init DruidDataSource
2019-08-08 20:22:28.909  INFO 4456 --- [restartedMain] com.alibaba.druid.pool.DruidDataSource   : {dataSource-1} inited
2019-08-08 20:22:29.035  INFO 4456 --- [restartedMain] o.hibernate.jpa.internal.util.LogHelper  : HHH000204: Processing PersistenceUnitInfo [
	name: default
	...]
2019-08-08 20:22:29.105  INFO 4456 --- [restartedMain] org.hibernate.Version                    : HHH000412: Hibernate Core {5.3.10.Final}
2019-08-08 20:22:29.106  INFO 4456 --- [restartedMain] org.hibernate.cfg.Environment            : HHH000206: hibernate.properties not found
2019-08-08 20:22:29.239  INFO 4456 --- [restartedMain] o.hibernate.annotations.common.Version   : HCANN000001: Hibernate Commons Annotations {5.0.4.Final}
2019-08-08 20:22:29.497  INFO 4456 --- [restartedMain] org.hibernate.dialect.Dialect            : HHH000400: Using dialect: org.hibernate.dialect.MySQL5Dialect
2019-08-08 20:22:30.370  INFO 4456 --- [restartedMain] j.LocalContainerEntityManagerFactoryBean : Initialized JPA EntityManagerFactory for persistence unit 'default'
2019-08-08 20:22:30.408  INFO 4456 --- [restartedMain] o.s.b.d.a.OptionalLiveReloadServer       : LiveReload server is running on port 35729
2019-08-08 20:22:30.820  INFO 4456 --- [restartedMain] o.s.s.concurrent.ThreadPoolTaskExecutor  : Initializing ExecutorService 'applicationTaskExecutor'
2019-08-08 20:22:30.855  WARN 4456 --- [restartedMain] aWebConfiguration$JpaWebMvcConfiguration : spring.jpa.open-in-view is enabled by default. Therefore, database queries may be performed during view rendering. Explicitly configure spring.jpa.open-in-view to disable this warning
2019-08-08 20:22:31.752  INFO 4456 --- [restartedMain] o.s.b.w.embedded.tomcat.TomcatWebServer  : Tomcat started on port(s): 8080 (http) with context path ''
2019-08-08 20:22:31.755  INFO 4456 --- [restartedMain] com.itheima.SpringBootDay01Application   : Started SpringBootDay01Application in 6.215 seconds (JVM running for 7.663)
